

Version:	3.50
CmdLine:	C:\Users\Admin\IdeaProjects\XiNoClo\XiNoClo.exe --l4j-debug
JNI:		No
WOW64:		Yes
Working dir:	C:\Users\Admin\IdeaProjects\XiNoClo\.
Requires JDK:	No
Requires 64-Bit: No
Java min ver:	1.011.000
Java max ver:	
Substitute:	EXEDIR = C:\Users\Admin\IdeaProjects\XiNoClo
JRE paths:	C:\Users\Admin\IdeaProjects\XiNoClo\jre
Check launcher:	C:\Users\Admin\IdeaProjects\XiNoClo\jre\bin\javaw.exe (not found)
64-bit search:	SOFTWARE\JavaSoft\Java Runtime Environment...
32-bit search:	SOFTWARE\JavaSoft\Java Runtime Environment...
Check:		SOFTWARE\JavaSoft\Java Runtime Environment\1.8
Version string: 1.008.000 / 32-Bit (Ignore)
Ignore:		1.008.000
Check:		SOFTWARE\JavaSoft\Java Runtime Environment\1.8.0_441
Version string: 1.008.000_441 / 32-Bit (Ignore)
Ignore:		1.008.000_441
64-bit search:	SOFTWARE\JavaSoft\Java Development Kit...
32-bit search:	SOFTWARE\JavaSoft\Java Development Kit...
64-bit search:	SOFTWARE\JavaSoft\JRE...
32-bit search:	SOFTWARE\JavaSoft\JRE...
64-bit search:	SOFTWARE\JavaSoft\JDK...
32-bit search:	SOFTWARE\JavaSoft\JDK...
64-bit search:	SOFTWARE\IBM\Java Runtime Environment...
32-bit search:	SOFTWARE\IBM\Java Runtime Environment...
64-bit search:	SOFTWARE\IBM\Java Development Kit...
32-bit search:	SOFTWARE\IBM\Java Development Kit...
64-bit search:	SOFTWARE\IBM\Java2 Runtime Environment...
32-bit search:	SOFTWARE\IBM\Java2 Runtime Environment...
64-bit search:	SOFTWARE\IBM\Java Development Kit...
32-bit search:	SOFTWARE\IBM\Java Development Kit...
Error msg:	This application requires a Java Runtime Environment 11


Version:	3.50
CmdLine:	C:\Users\Admin\IdeaProjects\XiNoClo\XiNoClo.exe --l4j-debug
JNI:		No
WOW64:		Yes
Working dir:	C:\Users\Admin\IdeaProjects\XiNoClo\.
Requires JDK:	No
Requires 64-Bit: No
Java min ver:	1.011.000
Java max ver:	
Substitute:	EXEDIR = C:\Users\Admin\IdeaProjects\XiNoClo
JRE paths:	C:\Users\Admin\IdeaProjects\XiNoClo\jre
Check launcher:	C:\Users\Admin\IdeaProjects\XiNoClo\jre\bin\javaw.exe (OK)
Version string: 1.011.000_027 / 64-Bit (OK)
Launcher:	C:\Users\Admin\IdeaProjects\XiNoClo\jre\bin\javaw.exe
Launcher args:	-jar "C:\Users\Admin\IdeaProjects\XiNoClo\XiNoClo.exe"
Args length:	54/32768 chars
Exit code:	0


Version:	3.50
CmdLine:	C:\Users\Admin\IdeaProjects\XiNoClo\XiNoClo.exe --l4j-debug
JNI:		No
WOW64:		Yes
Working dir:	C:\Users\Admin\IdeaProjects\XiNoClo\.
Requires JDK:	No
Requires 64-Bit: No
Java min ver:	1.011.000
Java max ver:	
Substitute:	EXEDIR = C:\Users\Admin\IdeaProjects\XiNoClo
JRE paths:	C:\Users\Admin\IdeaProjects\XiNoClo\jre
Check launcher:	C:\Users\Admin\IdeaProjects\XiNoClo\jre\bin\javaw.exe (OK)
Version string: 1.011.000_027 / 64-Bit (OK)
Launcher:	C:\Users\Admin\IdeaProjects\XiNoClo\jre\bin\javaw.exe
Launcher args:	-jar "C:\Users\Admin\IdeaProjects\XiNoClo\XiNoClo.exe"
Args length:	54/32768 chars
Exit code:	0


Version:	3.50
CmdLine:	C:\Users\Admin\IdeaProjects\XiNoClo\XiNoClo.exe --l4j-debug
JNI:		No
WOW64:		Yes
Working dir:	C:\Users\Admin\IdeaProjects\XiNoClo\.
Requires JDK:	No
Requires 64-Bit: No
Java min ver:	1.011.000
Java max ver:	
Substitute:	EXEDIR = C:\Users\Admin\IdeaProjects\XiNoClo
JRE paths:	C:\Users\Admin\IdeaProjects\XiNoClo\jre
Check launcher:	C:\Users\Admin\IdeaProjects\XiNoClo\jre\bin\javaw.exe (OK)
Version string: 1.011.000_027 / 64-Bit (OK)
Launcher:	C:\Users\Admin\IdeaProjects\XiNoClo\jre\bin\javaw.exe
Launcher args:	-jar "C:\Users\Admin\IdeaProjects\XiNoClo\XiNoClo.exe"
Args length:	54/32768 chars
Exit code:	0


Version:	3.50
CmdLine:	C:\Users\Admin\IdeaProjects\XiNoClo\XiNoClo.exe --l4j-debug
JNI:		No
WOW64:		Yes
Working dir:	C:\Users\Admin\IdeaProjects\XiNoClo\.
Requires JDK:	No
Requires 64-Bit: No
Java min ver:	1.011.000
Java max ver:	
Substitute:	EXEDIR = C:\Users\Admin\IdeaProjects\XiNoClo
JRE paths:	C:\Users\Admin\IdeaProjects\XiNoClo\jre
Check launcher:	C:\Users\Admin\IdeaProjects\XiNoClo\jre\bin\javaw.exe (OK)
Version string: 1.011.000_027 / 64-Bit (OK)
Launcher:	C:\Users\Admin\IdeaProjects\XiNoClo\jre\bin\javaw.exe
Launcher args:	-jar "C:\Users\Admin\IdeaProjects\XiNoClo\XiNoClo.exe"
Args length:	54/32768 chars
Exit code:	0


Version:	3.50
CmdLine:	C:\Users\Admin\IdeaProjects\XiNoClo\XiNoClo.exe --l4j-debug
JNI:		No
WOW64:		Yes
Working dir:	C:\Users\Admin\IdeaProjects\XiNoClo\.
Requires JDK:	No
Requires 64-Bit: No
Java min ver:	1.011.000
Java max ver:	
Substitute:	EXEDIR = C:\Users\Admin\IdeaProjects\XiNoClo
JRE paths:	C:\Users\Admin\IdeaProjects\XiNoClo\jre
Check launcher:	C:\Users\Admin\IdeaProjects\XiNoClo\jre\bin\javaw.exe (OK)
Version string: 1.011.000_027 / 64-Bit (OK)
Launcher:	C:\Users\Admin\IdeaProjects\XiNoClo\jre\bin\javaw.exe
Launcher args:	-jar "C:\Users\Admin\IdeaProjects\XiNoClo\XiNoClo.exe"
Args length:	54/32768 chars
Exit code:	0


Version:	3.50
CmdLine:	C:\Users\Admin\IdeaProjects\XiNoClo\XiNoClo.exe --l4j-debug
JNI:		No
WOW64:		Yes
Working dir:	C:\Users\Admin\IdeaProjects\XiNoClo\.
Requires JDK:	No
Requires 64-Bit: No
Java min ver:	1.011.000
Java max ver:	
Substitute:	EXEDIR = C:\Users\Admin\IdeaProjects\XiNoClo
JRE paths:	C:\Users\Admin\IdeaProjects\XiNoClo\jre
Check launcher:	C:\Users\Admin\IdeaProjects\XiNoClo\jre\bin\javaw.exe (OK)
Version string: 1.011.000_027 / 64-Bit (OK)
Launcher:	C:\Users\Admin\IdeaProjects\XiNoClo\jre\bin\javaw.exe
Launcher args:	-jar "C:\Users\Admin\IdeaProjects\XiNoClo\XiNoClo.exe"
Args length:	54/32768 chars
Exit code:	0


Version:	3.50
CmdLine:	C:\Users\Admin\IdeaProjects\XiNoClo\XiNoClo.exe --l4j-debug
JNI:		No
WOW64:		Yes
Working dir:	C:\Users\Admin\IdeaProjects\XiNoClo\.
Requires JDK:	No
Requires 64-Bit: No
Java min ver:	1.011.000
Java max ver:	
Substitute:	EXEDIR = C:\Users\Admin\IdeaProjects\XiNoClo
JRE paths:	C:\Users\Admin\IdeaProjects\XiNoClo\jre
Check launcher:	C:\Users\Admin\IdeaProjects\XiNoClo\jre\bin\javaw.exe (OK)
Version string: 1.011.000_027 / 64-Bit (OK)
Launcher:	C:\Users\Admin\IdeaProjects\XiNoClo\jre\bin\javaw.exe
Launcher args:	-jar "C:\Users\Admin\IdeaProjects\XiNoClo\XiNoClo.exe"
Args length:	54/32768 chars
Exit code:	0


Version:	3.50
CmdLine:	C:\Users\Admin\IdeaProjects\XiNoClo\XiNoClo.exe --l4j-debug
JNI:		No
WOW64:		Yes
Working dir:	C:\Users\Admin\IdeaProjects\XiNoClo\.
Requires JDK:	No
Requires 64-Bit: No
Java min ver:	1.011.000
Java max ver:	
Substitute:	EXEDIR = C:\Users\Admin\IdeaProjects\XiNoClo
JRE paths:	C:\Users\Admin\IdeaProjects\XiNoClo\jre
Check launcher:	C:\Users\Admin\IdeaProjects\XiNoClo\jre\bin\javaw.exe (OK)
Version string: 1.011.000_027 / 64-Bit (OK)
Launcher:	C:\Users\Admin\IdeaProjects\XiNoClo\jre\bin\javaw.exe
Launcher args:	-jar "C:\Users\Admin\IdeaProjects\XiNoClo\XiNoClo.exe"
Args length:	54/32768 chars
Exit code:	0


Version:	3.50
CmdLine:	C:\Users\Admin\IdeaProjects\XiNoClo\XiNoClo.exe --l4j-debug
JNI:		No
WOW64:		Yes
Working dir:	C:\Users\Admin\IdeaProjects\XiNoClo\.
Requires JDK:	No
Requires 64-Bit: No
Java min ver:	1.011.000
Java max ver:	
Substitute:	EXEDIR = C:\Users\Admin\IdeaProjects\XiNoClo
JRE paths:	C:\Users\Admin\IdeaProjects\XiNoClo\jre
Check launcher:	C:\Users\Admin\IdeaProjects\XiNoClo\jre\bin\javaw.exe (OK)
Version string: 1.011.000_027 / 64-Bit (OK)
Launcher:	C:\Users\Admin\IdeaProjects\XiNoClo\jre\bin\javaw.exe
Launcher args:	-jar "C:\Users\Admin\IdeaProjects\XiNoClo\XiNoClo.exe"
Args length:	54/32768 chars
Exit code:	0


Version:	3.50
CmdLine:	C:\Users\Admin\IdeaProjects\XiNoClo\XiNoClo.exe --l4j-debug
JNI:		No
WOW64:		Yes
Working dir:	C:\Users\Admin\IdeaProjects\XiNoClo\.
Requires JDK:	No
Requires 64-Bit: No
Java min ver:	1.011.000
Java max ver:	
Substitute:	EXEDIR = C:\Users\Admin\IdeaProjects\XiNoClo
JRE paths:	C:\Users\Admin\IdeaProjects\XiNoClo\jre
Check launcher:	C:\Users\Admin\IdeaProjects\XiNoClo\jre\bin\javaw.exe (OK)
Version string: 1.011.000_027 / 64-Bit (OK)
Launcher:	C:\Users\Admin\IdeaProjects\XiNoClo\jre\bin\javaw.exe
Launcher args:	-jar "C:\Users\Admin\IdeaProjects\XiNoClo\XiNoClo.exe"
Args length:	54/32768 chars
Exit code:	0


Version:	3.50
CmdLine:	C:\Users\Admin\IdeaProjects\XiNoClo\XiNoClo.exe --l4j-debug
JNI:		No
WOW64:		Yes
Working dir:	C:\Users\Admin\IdeaProjects\XiNoClo\.
Requires JDK:	No
Requires 64-Bit: No
Java min ver:	1.011.000
Java max ver:	
Substitute:	EXEDIR = C:\Users\Admin\IdeaProjects\XiNoClo
JRE paths:	C:\Users\Admin\IdeaProjects\XiNoClo\jre
Check launcher:	C:\Users\Admin\IdeaProjects\XiNoClo\jre\bin\javaw.exe (OK)
Version string: 1.011.000_027 / 64-Bit (OK)
Launcher:	C:\Users\Admin\IdeaProjects\XiNoClo\jre\bin\javaw.exe
Launcher args:	-jar "C:\Users\Admin\IdeaProjects\XiNoClo\XiNoClo.exe"
Args length:	54/32768 chars
Exit code:	0


Version:	3.50
CmdLine:	C:\Users\Admin\IdeaProjects\XiNoClo\XiNoClo.exe --l4j-debug
JNI:		No
WOW64:		Yes
Working dir:	C:\Users\Admin\IdeaProjects\XiNoClo\.
Requires JDK:	No
Requires 64-Bit: No
Java min ver:	1.011.000
Java max ver:	
Substitute:	EXEDIR = C:\Users\Admin\IdeaProjects\XiNoClo
JRE paths:	C:\Users\Admin\IdeaProjects\XiNoClo\jre
Check launcher:	C:\Users\Admin\IdeaProjects\XiNoClo\jre\bin\javaw.exe (OK)
Version string: 1.011.000_027 / 64-Bit (OK)
Launcher:	C:\Users\Admin\IdeaProjects\XiNoClo\jre\bin\javaw.exe
Launcher args:	-jar "C:\Users\Admin\IdeaProjects\XiNoClo\XiNoClo.exe"
Args length:	54/32768 chars
Exit code:	0


Version:	3.50
CmdLine:	C:\Users\Admin\IdeaProjects\XiNoClo\XiNoClo.exe --l4j-debug
JNI:		No
WOW64:		Yes
Working dir:	C:\Users\Admin\IdeaProjects\XiNoClo\.
Requires JDK:	No
Requires 64-Bit: No
Java min ver:	1.011.000
Java max ver:	
Substitute:	EXEDIR = C:\Users\Admin\IdeaProjects\XiNoClo
JRE paths:	C:\Users\Admin\IdeaProjects\XiNoClo\jre
Check launcher:	C:\Users\Admin\IdeaProjects\XiNoClo\jre\bin\javaw.exe (OK)
Version string: 1.011.000_027 / 64-Bit (OK)
Launcher:	C:\Users\Admin\IdeaProjects\XiNoClo\jre\bin\javaw.exe
Launcher args:	-jar "C:\Users\Admin\IdeaProjects\XiNoClo\XiNoClo.exe"
Args length:	54/32768 chars
Exit code:	0


Version:	3.50
CmdLine:	C:\Users\Admin\IdeaProjects\XiNoClo\XiNoClo.exe --l4j-debug
JNI:		No
WOW64:		Yes
Working dir:	C:\Users\Admin\IdeaProjects\XiNoClo\.
Requires JDK:	No
Requires 64-Bit: No
Java min ver:	1.011.000
Java max ver:	
Substitute:	EXEDIR = C:\Users\Admin\IdeaProjects\XiNoClo
JRE paths:	C:\Users\Admin\IdeaProjects\XiNoClo\jre
Check launcher:	C:\Users\Admin\IdeaProjects\XiNoClo\jre\bin\javaw.exe (OK)
Version string: 1.011.000_027 / 64-Bit (OK)
Launcher:	C:\Users\Admin\IdeaProjects\XiNoClo\jre\bin\javaw.exe
Launcher args:	-jar "C:\Users\Admin\IdeaProjects\XiNoClo\XiNoClo.exe"
Args length:	54/32768 chars
Exit code:	0


Version:	3.50
CmdLine:	C:\Users\Admin\IdeaProjects\XiNoClo\XiNoClo.exe --l4j-debug
JNI:		No
WOW64:		Yes
Working dir:	C:\Users\Admin\IdeaProjects\XiNoClo\.
Requires JDK:	No
Requires 64-Bit: No
Java min ver:	1.011.000
Java max ver:	
Substitute:	EXEDIR = C:\Users\Admin\IdeaProjects\XiNoClo
JRE paths:	C:\Users\Admin\IdeaProjects\XiNoClo\jre
Check launcher:	C:\Users\Admin\IdeaProjects\XiNoClo\jre\bin\javaw.exe (OK)
Version string: 1.011.000_027 / 64-Bit (OK)
Launcher:	C:\Users\Admin\IdeaProjects\XiNoClo\jre\bin\javaw.exe
Launcher args:	-jar "C:\Users\Admin\IdeaProjects\XiNoClo\XiNoClo.exe"
Args length:	54/32768 chars
Exit code:	0


Version:	3.50
CmdLine:	C:\Users\Admin\IdeaProjects\XiNoClo\XiNoClo.exe --l4j-debug
JNI:		No
WOW64:		Yes
Working dir:	C:\Users\Admin\IdeaProjects\XiNoClo\.
Requires JDK:	No
Requires 64-Bit: No
Java min ver:	1.011.000
Java max ver:	
Substitute:	EXEDIR = C:\Users\Admin\IdeaProjects\XiNoClo
JRE paths:	C:\Users\Admin\IdeaProjects\XiNoClo\jre
Check launcher:	C:\Users\Admin\IdeaProjects\XiNoClo\jre\bin\javaw.exe (OK)
Version string: 1.011.000_027 / 64-Bit (OK)
Launcher:	C:\Users\Admin\IdeaProjects\XiNoClo\jre\bin\javaw.exe
Launcher args:	-jar "C:\Users\Admin\IdeaProjects\XiNoClo\XiNoClo.exe"
Args length:	54/32768 chars
Exit code:	0


Version:	3.50
CmdLine:	C:\Users\Admin\IdeaProjects\XiNoClo\XiNoClo.exe --l4j-debug
JNI:		No
WOW64:		Yes
Working dir:	C:\Users\Admin\IdeaProjects\XiNoClo\.
Requires JDK:	No
Requires 64-Bit: No
Java min ver:	1.011.000
Java max ver:	
Substitute:	EXEDIR = C:\Users\Admin\IdeaProjects\XiNoClo
JRE paths:	C:\Users\Admin\IdeaProjects\XiNoClo\jre
Check launcher:	C:\Users\Admin\IdeaProjects\XiNoClo\jre\bin\javaw.exe (OK)
Version string: 1.011.000_027 / 64-Bit (OK)
Launcher:	C:\Users\Admin\IdeaProjects\XiNoClo\jre\bin\javaw.exe
Launcher args:	-jar "C:\Users\Admin\IdeaProjects\XiNoClo\XiNoClo.exe"
Args length:	54/32768 chars
Exit code:	0


Version:	3.50
CmdLine:	C:\Users\Admin\IdeaProjects\XiNoClo\XiNoClo.exe --l4j-debug
JNI:		No
WOW64:		Yes
Working dir:	C:\Users\Admin\IdeaProjects\XiNoClo\.
Requires JDK:	No
Requires 64-Bit: No
Java min ver:	1.011.000
Java max ver:	
Substitute:	EXEDIR = C:\Users\Admin\IdeaProjects\XiNoClo
JRE paths:	C:\Users\Admin\IdeaProjects\XiNoClo\jre
Check launcher:	C:\Users\Admin\IdeaProjects\XiNoClo\jre\bin\javaw.exe (OK)
Version string: 1.011.000_027 / 64-Bit (OK)
Launcher:	C:\Users\Admin\IdeaProjects\XiNoClo\jre\bin\javaw.exe
Launcher args:	-jar "C:\Users\Admin\IdeaProjects\XiNoClo\XiNoClo.exe"
Args length:	54/32768 chars
Exit code:	0


Version:	3.50
CmdLine:	C:\Users\Admin\IdeaProjects\XiNoClo\XiNoClo.exe --l4j-debug
JNI:		No
WOW64:		Yes
Working dir:	C:\Users\Admin\IdeaProjects\XiNoClo\.
Requires JDK:	No
Requires 64-Bit: No
Java min ver:	1.011.000
Java max ver:	
Substitute:	EXEDIR = C:\Users\Admin\IdeaProjects\XiNoClo
JRE paths:	C:\Users\Admin\IdeaProjects\XiNoClo\jre
Check launcher:	C:\Users\Admin\IdeaProjects\XiNoClo\jre\bin\javaw.exe (OK)
Version string: 1.011.000_027 / 64-Bit (OK)
Launcher:	C:\Users\Admin\IdeaProjects\XiNoClo\jre\bin\javaw.exe
Launcher args:	-jar "C:\Users\Admin\IdeaProjects\XiNoClo\XiNoClo.exe"
Args length:	54/32768 chars
Exit code:	0


Version:	3.50
CmdLine:	C:\Users\Admin\IdeaProjects\XiNoClo\XiNoClo.exe --l4j-debug
JNI:		No
WOW64:		Yes
Working dir:	C:\Users\Admin\IdeaProjects\XiNoClo\.
Requires JDK:	No
Requires 64-Bit: No
Java min ver:	1.011.000
Java max ver:	
Substitute:	EXEDIR = C:\Users\Admin\IdeaProjects\XiNoClo
JRE paths:	C:\Users\Admin\IdeaProjects\XiNoClo\jre
Check launcher:	C:\Users\Admin\IdeaProjects\XiNoClo\jre\bin\javaw.exe (OK)
Version string: 1.011.000_027 / 64-Bit (OK)
Launcher:	C:\Users\Admin\IdeaProjects\XiNoClo\jre\bin\javaw.exe
Launcher args:	-jar "C:\Users\Admin\IdeaProjects\XiNoClo\XiNoClo.exe"
Args length:	54/32768 chars
Exit code:	0


Version:	3.50
CmdLine:	C:\Users\Admin\IdeaProjects\XiNoClo\XiNoClo.exe --l4j-debug
JNI:		No
WOW64:		Yes
Working dir:	C:\Users\Admin\IdeaProjects\XiNoClo\.
Requires JDK:	No
Requires 64-Bit: No
Java min ver:	1.011.000
Java max ver:	
Substitute:	EXEDIR = C:\Users\Admin\IdeaProjects\XiNoClo
JRE paths:	C:\Users\Admin\IdeaProjects\XiNoClo\jre
Check launcher:	C:\Users\Admin\IdeaProjects\XiNoClo\jre\bin\javaw.exe (OK)
Version string: 1.011.000_027 / 64-Bit (OK)
Launcher:	C:\Users\Admin\IdeaProjects\XiNoClo\jre\bin\javaw.exe
Launcher args:	-jar "C:\Users\Admin\IdeaProjects\XiNoClo\XiNoClo.exe"
Args length:	54/32768 chars
Exit code:	0


Version:	3.50
CmdLine:	C:\Users\Admin\IdeaProjects\XiNoClo\XiNoClo.exe --l4j-debug
JNI:		No
WOW64:		Yes
Working dir:	C:\Users\Admin\IdeaProjects\XiNoClo\.
Requires JDK:	No
Requires 64-Bit: No
Java min ver:	1.011.000
Java max ver:	
Substitute:	EXEDIR = C:\Users\Admin\IdeaProjects\XiNoClo
JRE paths:	C:\Users\Admin\IdeaProjects\XiNoClo\jre
Check launcher:	C:\Users\Admin\IdeaProjects\XiNoClo\jre\bin\javaw.exe (OK)
Version string: 1.011.000_027 / 64-Bit (OK)
Launcher:	C:\Users\Admin\IdeaProjects\XiNoClo\jre\bin\javaw.exe
Launcher args:	-jar "C:\Users\Admin\IdeaProjects\XiNoClo\XiNoClo.exe"
Args length:	54/32768 chars
Exit code:	0


Version:	3.50
CmdLine:	C:\Users\Admin\IdeaProjects\XiNoClo\XiNoClo.exe --l4j-debug
JNI:		No
WOW64:		Yes
Working dir:	C:\Users\Admin\IdeaProjects\XiNoClo\.
Requires JDK:	No
Requires 64-Bit: No
Java min ver:	1.011.000
Java max ver:	
Substitute:	EXEDIR = C:\Users\Admin\IdeaProjects\XiNoClo
JRE paths:	C:\Users\Admin\IdeaProjects\XiNoClo\jre
Check launcher:	C:\Users\Admin\IdeaProjects\XiNoClo\jre\bin\javaw.exe (OK)
Version string: 1.011.000_027 / 64-Bit (OK)
Launcher:	C:\Users\Admin\IdeaProjects\XiNoClo\jre\bin\javaw.exe
Launcher args:	-jar "C:\Users\Admin\IdeaProjects\XiNoClo\XiNoClo.exe"
Args length:	54/32768 chars
Exit code:	0


Version:	3.50
CmdLine:	C:\Users\Admin\IdeaProjects\XiNoClo\XiNoClo.exe --l4j-debug
JNI:		No
WOW64:		Yes
Working dir:	C:\Users\Admin\IdeaProjects\XiNoClo\.
Requires JDK:	No
Requires 64-Bit: No
Java min ver:	1.011.000
Java max ver:	
Substitute:	EXEDIR = C:\Users\Admin\IdeaProjects\XiNoClo
JRE paths:	C:\Users\Admin\IdeaProjects\XiNoClo\jre
Check launcher:	C:\Users\Admin\IdeaProjects\XiNoClo\jre\bin\javaw.exe (OK)
Version string: 1.011.000_027 / 64-Bit (OK)
Launcher:	C:\Users\Admin\IdeaProjects\XiNoClo\jre\bin\javaw.exe
Launcher args:	-jar "C:\Users\Admin\IdeaProjects\XiNoClo\XiNoClo.exe"
Args length:	54/32768 chars
Exit code:	0


Version:	3.50
CmdLine:	C:\Users\Admin\IdeaProjects\XiNoClo\XiNoClo.exe --l4j-debug
JNI:		No
WOW64:		Yes
Working dir:	C:\Users\Admin\IdeaProjects\XiNoClo\.
Requires JDK:	No
Requires 64-Bit: No
Java min ver:	1.011.000
Java max ver:	
Substitute:	EXEDIR = C:\Users\Admin\IdeaProjects\XiNoClo
JRE paths:	C:\Users\Admin\IdeaProjects\XiNoClo\jre
Check launcher:	C:\Users\Admin\IdeaProjects\XiNoClo\jre\bin\javaw.exe (OK)
Version string: 1.011.000_027 / 64-Bit (OK)
Launcher:	C:\Users\Admin\IdeaProjects\XiNoClo\jre\bin\javaw.exe
Launcher args:	-jar "C:\Users\Admin\IdeaProjects\XiNoClo\XiNoClo.exe"
Args length:	54/32768 chars
Exit code:	0


Version:	3.50
CmdLine:	C:\Users\Admin\IdeaProjects\XiNoClo\XiNoClo.exe --l4j-debug
JNI:		No
WOW64:		Yes
Working dir:	C:\Users\Admin\IdeaProjects\XiNoClo\.
Requires JDK:	No
Requires 64-Bit: No
Java min ver:	1.011.000
Java max ver:	
Substitute:	EXEDIR = C:\Users\Admin\IdeaProjects\XiNoClo
JRE paths:	C:\Users\Admin\IdeaProjects\XiNoClo\jre
Check launcher:	C:\Users\Admin\IdeaProjects\XiNoClo\jre\bin\javaw.exe (OK)
Version string: 1.011.000_027 / 64-Bit (OK)
Launcher:	C:\Users\Admin\IdeaProjects\XiNoClo\jre\bin\javaw.exe
Launcher args:	-jar "C:\Users\Admin\IdeaProjects\XiNoClo\XiNoClo.exe"
Args length:	54/32768 chars
Exit code:	0


Version:	3.50
CmdLine:	C:\Users\Admin\IdeaProjects\XiNoClo\XiNoClo.exe --l4j-debug
JNI:		No
WOW64:		Yes
Working dir:	C:\Users\Admin\IdeaProjects\XiNoClo\.
Requires JDK:	No
Requires 64-Bit: No
Java min ver:	1.011.000
Java max ver:	
Substitute:	EXEDIR = C:\Users\Admin\IdeaProjects\XiNoClo
JRE paths:	C:\Users\Admin\IdeaProjects\XiNoClo\jre
Check launcher:	C:\Users\Admin\IdeaProjects\XiNoClo\jre\bin\javaw.exe (OK)
Version string: 1.011.000_027 / 64-Bit (OK)
Launcher:	C:\Users\Admin\IdeaProjects\XiNoClo\jre\bin\javaw.exe
Launcher args:	-jar "C:\Users\Admin\IdeaProjects\XiNoClo\XiNoClo.exe"
Args length:	54/32768 chars
Exit code:	0


Version:	3.50
CmdLine:	C:\Users\Admin\IdeaProjects\XiNoClo\XiNoClo.exe --l4j-debug
JNI:		No
WOW64:		Yes
Working dir:	C:\Users\Admin\IdeaProjects\XiNoClo\.
Requires JDK:	No
Requires 64-Bit: No
Java min ver:	1.011.000
Java max ver:	
Substitute:	EXEDIR = C:\Users\Admin\IdeaProjects\XiNoClo
JRE paths:	C:\Users\Admin\IdeaProjects\XiNoClo\jre
Check launcher:	C:\Users\Admin\IdeaProjects\XiNoClo\jre\bin\javaw.exe (OK)
Version string: 1.011.000_027 / 64-Bit (OK)
Launcher:	C:\Users\Admin\IdeaProjects\XiNoClo\jre\bin\javaw.exe
Launcher args:	-jar "C:\Users\Admin\IdeaProjects\XiNoClo\XiNoClo.exe"
Args length:	54/32768 chars
Exit code:	0


Version:	3.50
CmdLine:	C:\Users\Admin\IdeaProjects\XiNoClo\XiNoClo.exe --l4j-debug
JNI:		No
WOW64:		Yes
Working dir:	C:\Users\Admin\IdeaProjects\XiNoClo\.
Requires JDK:	No
Requires 64-Bit: No
Java min ver:	1.011.000
Java max ver:	
Substitute:	EXEDIR = C:\Users\Admin\IdeaProjects\XiNoClo
JRE paths:	C:\Users\Admin\IdeaProjects\XiNoClo\jre
Check launcher:	C:\Users\Admin\IdeaProjects\XiNoClo\jre\bin\javaw.exe (OK)
Version string: 1.011.000_027 / 64-Bit (OK)
Launcher:	C:\Users\Admin\IdeaProjects\XiNoClo\jre\bin\javaw.exe
Launcher args:	-jar "C:\Users\Admin\IdeaProjects\XiNoClo\XiNoClo.exe"
Args length:	54/32768 chars
Exit code:	0


Version:	3.50
CmdLine:	C:\Users\Admin\IdeaProjects\XiNoClo\XiNoClo.exe --l4j-debug
JNI:		No
WOW64:		Yes
Working dir:	C:\Users\Admin\IdeaProjects\XiNoClo\.
Requires JDK:	No
Requires 64-Bit: No
Java min ver:	1.011.000
Java max ver:	
Substitute:	EXEDIR = C:\Users\Admin\IdeaProjects\XiNoClo
JRE paths:	C:\Users\Admin\IdeaProjects\XiNoClo\jre
Check launcher:	C:\Users\Admin\IdeaProjects\XiNoClo\jre\bin\javaw.exe (OK)
Version string: 1.011.000_027 / 64-Bit (OK)
Launcher:	C:\Users\Admin\IdeaProjects\XiNoClo\jre\bin\javaw.exe
Launcher args:	-jar "C:\Users\Admin\IdeaProjects\XiNoClo\XiNoClo.exe"
Args length:	54/32768 chars
Exit code:	0


Version:	3.50
CmdLine:	C:\Users\Admin\IdeaProjects\XiNoClo\XiNoClo.exe --l4j-debug
JNI:		No
WOW64:		Yes
Working dir:	C:\Users\Admin\IdeaProjects\XiNoClo\.
Requires JDK:	No
Requires 64-Bit: No
Java min ver:	1.011.000
Java max ver:	
Substitute:	EXEDIR = C:\Users\Admin\IdeaProjects\XiNoClo
JRE paths:	C:\Users\Admin\IdeaProjects\XiNoClo\jre
Check launcher:	C:\Users\Admin\IdeaProjects\XiNoClo\jre\bin\javaw.exe (OK)
Version string: 1.011.000_027 / 64-Bit (OK)
Launcher:	C:\Users\Admin\IdeaProjects\XiNoClo\jre\bin\javaw.exe
Launcher args:	-jar "C:\Users\Admin\IdeaProjects\XiNoClo\XiNoClo.exe"
Args length:	54/32768 chars
Exit code:	0


Version:	3.50
CmdLine:	C:\Users\Admin\IdeaProjects\XiNoClo\XiNoClo.exe --l4j-debug
JNI:		No
WOW64:		Yes
Working dir:	C:\Users\Admin\IdeaProjects\XiNoClo\.
Requires JDK:	No
Requires 64-Bit: No
Java min ver:	1.011.000
Java max ver:	
Substitute:	EXEDIR = C:\Users\Admin\IdeaProjects\XiNoClo
JRE paths:	C:\Users\Admin\IdeaProjects\XiNoClo\jre
Check launcher:	C:\Users\Admin\IdeaProjects\XiNoClo\jre\bin\javaw.exe (OK)
Version string: 1.011.000_027 / 64-Bit (OK)
Launcher:	C:\Users\Admin\IdeaProjects\XiNoClo\jre\bin\javaw.exe
Launcher args:	-jar "C:\Users\Admin\IdeaProjects\XiNoClo\XiNoClo.exe"
Args length:	54/32768 chars
Exit code:	0


Version:	3.50
CmdLine:	C:\Users\Admin\IdeaProjects\XiNoClo\XiNoClo.exe --l4j-debug
JNI:		No
WOW64:		Yes
Working dir:	C:\Users\Admin\IdeaProjects\XiNoClo\.
Requires JDK:	No
Requires 64-Bit: No
Java min ver:	1.011.000
Java max ver:	
Substitute:	EXEDIR = C:\Users\Admin\IdeaProjects\XiNoClo
JRE paths:	C:\Users\Admin\IdeaProjects\XiNoClo\jre
Check launcher:	C:\Users\Admin\IdeaProjects\XiNoClo\jre\bin\javaw.exe (OK)
Version string: 1.011.000_027 / 64-Bit (OK)
Launcher:	C:\Users\Admin\IdeaProjects\XiNoClo\jre\bin\javaw.exe
Launcher args:	-jar "C:\Users\Admin\IdeaProjects\XiNoClo\XiNoClo.exe"
Args length:	54/32768 chars
Exit code:	0


Version:	3.50
CmdLine:	C:\Users\Admin\IdeaProjects\XiNoClo\XiNoClo.exe --l4j-debug
JNI:		No
WOW64:		Yes
Working dir:	C:\Users\Admin\IdeaProjects\XiNoClo\.
Requires JDK:	No
Requires 64-Bit: No
Java min ver:	1.011.000
Java max ver:	
Substitute:	EXEDIR = C:\Users\Admin\IdeaProjects\XiNoClo
JRE paths:	C:\Users\Admin\IdeaProjects\XiNoClo\jre
Check launcher:	C:\Users\Admin\IdeaProjects\XiNoClo\jre\bin\javaw.exe (OK)
Version string: 1.011.000_027 / 64-Bit (OK)
Launcher:	C:\Users\Admin\IdeaProjects\XiNoClo\jre\bin\javaw.exe
Launcher args:	-jar "C:\Users\Admin\IdeaProjects\XiNoClo\XiNoClo.exe"
Args length:	54/32768 chars
Exit code:	0


Version:	3.50
CmdLine:	C:\Users\Admin\IdeaProjects\XiNoClo\XiNoClo.exe --l4j-debug
JNI:		No
WOW64:		Yes
Working dir:	C:\Users\Admin\IdeaProjects\XiNoClo\.
Requires JDK:	No
Requires 64-Bit: No
Java min ver:	1.011.000
Java max ver:	
Substitute:	EXEDIR = C:\Users\Admin\IdeaProjects\XiNoClo
JRE paths:	C:\Users\Admin\IdeaProjects\XiNoClo\jre
Check launcher:	C:\Users\Admin\IdeaProjects\XiNoClo\jre\bin\javaw.exe (OK)
Version string: 1.011.000_027 / 64-Bit (OK)
Main class:	NoteApplication
Add classpath:	.\lib\postgresql-42.2.18.jar
Add classpath:	.\lib\HikariCP-5.1.0.jar
Add classpath:	.\lib\slf4j-api-2.0.13.jar
Add classpath:	.\lib\logback-classic-1.4.14.jar
Add classpath:	.\lib\logback-core-1.4.14.jar
Add classpath:	.
Launcher:	C:\Users\Admin\IdeaProjects\XiNoClo\jre\bin\javaw.exe
Launcher args:	-classpath "C:\Users\Admin\IdeaProjects\XiNoClo\XiNoClo.exe;.\lib\postgresql-42.2.18.jar;.\lib\HikariCP-5.1.0.jar;.\lib\slf4j-api-2.0.13.jar;.\lib\logback-classic-1.4.14.jar;.\lib\logback-core-1.4.14.jar;." NoteApplication
Args length:	222/32768 chars
Exit code:	0


Version:	3.50
CmdLine:	C:\Users\Admin\IdeaProjects\XiNoClo\XiNoClo.exe --l4j-debug
JNI:		No
WOW64:		Yes
Working dir:	C:\Users\Admin\IdeaProjects\XiNoClo\.
Requires JDK:	No
Requires 64-Bit: No
Java min ver:	1.011.000
Java max ver:	
Substitute:	EXEDIR = C:\Users\Admin\IdeaProjects\XiNoClo
JRE paths:	C:\Users\Admin\IdeaProjects\XiNoClo\jre
Check launcher:	C:\Users\Admin\IdeaProjects\XiNoClo\jre\bin\javaw.exe (OK)
Version string: 1.011.000_027 / 64-Bit (OK)
Main class:	NoteApplication
Add classpath:	.\lib\postgresql-42.2.18.jar
Add classpath:	.\lib\HikariCP-5.1.0.jar
Add classpath:	.\lib\slf4j-api-2.0.13.jar
Add classpath:	.\lib\logback-classic-1.4.14.jar
Add classpath:	.\lib\logback-core-1.4.14.jar
Add classpath:	.\lib\jsch-0.1.54.jar
Add classpath:	.
Launcher:	C:\Users\Admin\IdeaProjects\XiNoClo\jre\bin\javaw.exe
Launcher args:	-classpath "C:\Users\Admin\IdeaProjects\XiNoClo\XiNoClo.exe;.\lib\postgresql-42.2.18.jar;.\lib\HikariCP-5.1.0.jar;.\lib\slf4j-api-2.0.13.jar;.\lib\logback-classic-1.4.14.jar;.\lib\logback-core-1.4.14.jar;.\lib\jsch-0.1.54.jar;." NoteApplication
Args length:	244/32768 chars
Exit code:	0


Version:	3.50
CmdLine:	C:\Users\Admin\IdeaProjects\XiNoClo\XiNoClo.exe --l4j-debug
JNI:		No
WOW64:		Yes
Working dir:	C:\Users\Admin\IdeaProjects\XiNoClo\.
Requires JDK:	No
Requires 64-Bit: No
Java min ver:	1.011.000
Java max ver:	
Substitute:	EXEDIR = C:\Users\Admin\IdeaProjects\XiNoClo
JRE paths:	C:\Users\Admin\IdeaProjects\XiNoClo\jre
Check launcher:	C:\Users\Admin\IdeaProjects\XiNoClo\jre\bin\javaw.exe (OK)
Version string: 1.011.000_027 / 64-Bit (OK)
Main class:	NoteApplication
Add classpath:	.\lib\postgresql-42.2.18.jar
Add classpath:	.\lib\HikariCP-5.1.0.jar
Add classpath:	.\lib\slf4j-api-2.0.13.jar
Add classpath:	.\lib\logback-classic-1.4.14.jar
Add classpath:	.\lib\logback-core-1.4.14.jar
Add classpath:	.\lib\jsch-0.1.54.jar
Add classpath:	.
Launcher:	C:\Users\Admin\IdeaProjects\XiNoClo\jre\bin\javaw.exe
Launcher args:	-classpath "C:\Users\Admin\IdeaProjects\XiNoClo\XiNoClo.exe;.\lib\postgresql-42.2.18.jar;.\lib\HikariCP-5.1.0.jar;.\lib\slf4j-api-2.0.13.jar;.\lib\logback-classic-1.4.14.jar;.\lib\logback-core-1.4.14.jar;.\lib\jsch-0.1.54.jar;." NoteApplication
Args length:	244/32768 chars
Exit code:	0


Version:	3.50
CmdLine:	C:\Users\Admin\IdeaProjects\XiNoClo\XiNoClo.exe --l4j-debug
JNI:		No
WOW64:		Yes
Working dir:	C:\Users\Admin\IdeaProjects\XiNoClo\.
Requires JDK:	No
Requires 64-Bit: No
Java min ver:	1.011.000
Java max ver:	
Substitute:	EXEDIR = C:\Users\Admin\IdeaProjects\XiNoClo
JRE paths:	C:\Users\Admin\IdeaProjects\XiNoClo\jre
Check launcher:	C:\Users\Admin\IdeaProjects\XiNoClo\jre\bin\javaw.exe (OK)
Version string: 1.011.000_027 / 64-Bit (OK)
Main class:	NoteApplication
Add classpath:	.\lib\postgresql-42.2.18.jar
Add classpath:	.\lib\HikariCP-5.1.0.jar
Add classpath:	.\lib\slf4j-api-2.0.13.jar
Add classpath:	.\lib\logback-classic-1.4.14.jar
Add classpath:	.\lib\logback-core-1.4.14.jar
Add classpath:	.\lib\jsch-0.1.54.jar
Add classpath:	.
Launcher:	C:\Users\Admin\IdeaProjects\XiNoClo\jre\bin\javaw.exe
Launcher args:	-classpath "C:\Users\Admin\IdeaProjects\XiNoClo\XiNoClo.exe;.\lib\postgresql-42.2.18.jar;.\lib\HikariCP-5.1.0.jar;.\lib\slf4j-api-2.0.13.jar;.\lib\logback-classic-1.4.14.jar;.\lib\logback-core-1.4.14.jar;.\lib\jsch-0.1.54.jar;." NoteApplication
Args length:	244/32768 chars
Exit code:	0


Version:	3.50
CmdLine:	C:\Users\Admin\IdeaProjects\XiNoClo\XiNoClo.exe --l4j-debug
JNI:		No
WOW64:		Yes
Working dir:	C:\Users\Admin\IdeaProjects\XiNoClo\.
Requires JDK:	No
Requires 64-Bit: No
Java min ver:	1.011.000
Java max ver:	
Substitute:	EXEDIR = C:\Users\Admin\IdeaProjects\XiNoClo
JRE paths:	C:\Users\Admin\IdeaProjects\XiNoClo\jre
Check launcher:	C:\Users\Admin\IdeaProjects\XiNoClo\jre\bin\javaw.exe (OK)
Version string: 1.011.000_027 / 64-Bit (OK)
Main class:	NoteApplication
Add classpath:	.\lib\postgresql-42.2.18.jar
Add classpath:	.\lib\HikariCP-3.1.0.jar
Add classpath:	.\lib\slf4j-api-2.0.13.jar
Add classpath:	.\lib\logback-classic-1.4.14.jar
Add classpath:	.\lib\logback-core-1.4.14.jar
Add classpath:	.\lib\jsch-0.1.54.jar
Add classpath:	.
Launcher:	C:\Users\Admin\IdeaProjects\XiNoClo\jre\bin\javaw.exe
Launcher args:	-classpath "C:\Users\Admin\IdeaProjects\XiNoClo\XiNoClo.exe;.\lib\postgresql-42.2.18.jar;.\lib\HikariCP-3.1.0.jar;.\lib\slf4j-api-2.0.13.jar;.\lib\logback-classic-1.4.14.jar;.\lib\logback-core-1.4.14.jar;.\lib\jsch-0.1.54.jar;." NoteApplication
Args length:	244/32768 chars
Exit code:	0


Version:	3.50
CmdLine:	C:\Users\Admin\IdeaProjects\XiNoClo\XiNoClo.exe --l4j-debug
JNI:		No
WOW64:		Yes
Working dir:	C:\Users\Admin\IdeaProjects\XiNoClo\.
Requires JDK:	No
Requires 64-Bit: No
Java min ver:	1.011.000
Java max ver:	
Substitute:	EXEDIR = C:\Users\Admin\IdeaProjects\XiNoClo
JRE paths:	C:\Users\Admin\IdeaProjects\XiNoClo\jre
Check launcher:	C:\Users\Admin\IdeaProjects\XiNoClo\jre\bin\javaw.exe (OK)
Version string: 1.011.000_027 / 64-Bit (OK)
Main class:	NoteApplication
Add classpath:	.\lib\postgresql-42.2.18.jar
Add classpath:	.\lib\HikariCP-3.1.0.jar
Add classpath:	.\lib\slf4j-api-2.0.13.jar
Add classpath:	.\lib\logback-classic-1.4.14.jar
Add classpath:	.\lib\logback-core-1.4.14.jar
Add classpath:	.\lib\jsch-0.1.54.jar
Add classpath:	.
Launcher:	C:\Users\Admin\IdeaProjects\XiNoClo\jre\bin\javaw.exe
Launcher args:	-classpath "C:\Users\Admin\IdeaProjects\XiNoClo\XiNoClo.exe;.\lib\postgresql-42.2.18.jar;.\lib\HikariCP-3.1.0.jar;.\lib\slf4j-api-2.0.13.jar;.\lib\logback-classic-1.4.14.jar;.\lib\logback-core-1.4.14.jar;.\lib\jsch-0.1.54.jar;." NoteApplication
Args length:	244/32768 chars
Exit code:	0


Version:	3.50
CmdLine:	C:\Users\Admin\IdeaProjects\XiNoClo\XiNoClo.exe --l4j-debug
JNI:		No
WOW64:		Yes
Working dir:	C:\Users\Admin\IdeaProjects\XiNoClo\.
Requires JDK:	No
Requires 64-Bit: No
Java min ver:	1.011.000
Java max ver:	
Substitute:	EXEDIR = C:\Users\Admin\IdeaProjects\XiNoClo
JRE paths:	C:\Users\Admin\IdeaProjects\XiNoClo\jre
Check launcher:	C:\Users\Admin\IdeaProjects\XiNoClo\jre\bin\javaw.exe (OK)
Version string: 1.011.000_027 / 64-Bit (OK)
Main class:	NoteApplication
Add classpath:	.\lib\postgresql-42.2.18.jar
Add classpath:	.\lib\HikariCP-3.1.0.jar
Add classpath:	.\lib\jsch-0.1.54.jar
Add classpath:	.\lib\slf4j-api-2.0.7.jar
Add classpath:	.\lib\logback-classic-1.4.14.jar
Add classpath:	.\lib\flatlaf-3.6.jar
Add classpath:	.\lib\gson-2.13.1.jar
Add classpath:	.\lib\jfreechart-1.0.19-demo.jar
Add classpath:	.\lib\json-20230618-sources.jar
Add classpath:	.\lib\swingx-all-1.6.4.jar
Add classpath:	.
Launcher:	C:\Users\Admin\IdeaProjects\XiNoClo\jre\bin\javaw.exe
Launcher args:	-classpath "C:\Users\Admin\IdeaProjects\XiNoClo\XiNoClo.exe;.\lib\postgresql-42.2.18.jar;.\lib\HikariCP-3.1.0.jar;.\lib\jsch-0.1.54.jar;.\lib\slf4j-api-2.0.7.jar;.\lib\logback-classic-1.4.14.jar;.\lib\flatlaf-3.6.jar;.\lib\gson-2.13.1.jar;.\lib\jfreechart-1.0.19-demo.jar;.\lib\json-20230618-sources.jar;.\lib\swingx-all-1.6.4.jar;." NoteApplication
Args length:	349/32768 chars
Exit code:	0


Version:	3.50
CmdLine:	C:\Users\Admin\IdeaProjects\XiNoClo\XiNoClo.exe --l4j-debug
JNI:		No
WOW64:		Yes
Working dir:	C:\Users\Admin\IdeaProjects\XiNoClo\.
Requires JDK:	No
Requires 64-Bit: No
Java min ver:	1.011.000
Java max ver:	
Substitute:	EXEDIR = C:\Users\Admin\IdeaProjects\XiNoClo
JRE paths:	C:\Users\Admin\IdeaProjects\XiNoClo\jre
Check launcher:	C:\Users\Admin\IdeaProjects\XiNoClo\jre\bin\javaw.exe (OK)
Version string: 1.011.000_027 / 64-Bit (OK)
Main class:	NoteApplication
Add classpath:	.\lib\postgresql-42.2.18.jar
Add classpath:	.\lib\HikariCP-3.1.0.jar
Add classpath:	.\lib\jsch-0.1.54.jar
Add classpath:	.\lib\slf4j-api-2.0.7.jar
Add classpath:	.\lib\logback-classic-1.4.14.jar
Add classpath:	.\lib\flatlaf-3.6.jar
Add classpath:	.\lib\gson-2.13.1.jar
Add classpath:	.\lib\jfreechart-1.0.19-demo.jar
Add classpath:	.\lib\json-20230618-sources.jar
Add classpath:	.\lib\swingx-all-1.6.4.jar
Add classpath:	.
Launcher:	C:\Users\Admin\IdeaProjects\XiNoClo\jre\bin\javaw.exe
Launcher args:	-classpath "C:\Users\Admin\IdeaProjects\XiNoClo\XiNoClo.exe;.\lib\postgresql-42.2.18.jar;.\lib\HikariCP-3.1.0.jar;.\lib\jsch-0.1.54.jar;.\lib\slf4j-api-2.0.7.jar;.\lib\logback-classic-1.4.14.jar;.\lib\flatlaf-3.6.jar;.\lib\gson-2.13.1.jar;.\lib\jfreechart-1.0.19-demo.jar;.\lib\json-20230618-sources.jar;.\lib\swingx-all-1.6.4.jar;." NoteApplication
Args length:	349/32768 chars
Exit code:	0


Version:	3.50
CmdLine:	C:\Users\Admin\IdeaProjects\XiNoClo\XiNoClo.exe --l4j-debug
JNI:		No
WOW64:		Yes
Working dir:	C:\Users\Admin\IdeaProjects\XiNoClo\.
Requires JDK:	No
Requires 64-Bit: No
Java min ver:	1.011.000
Java max ver:	
Substitute:	EXEDIR = C:\Users\Admin\IdeaProjects\XiNoClo
JRE paths:	C:\Users\Admin\IdeaProjects\XiNoClo\jre
Check launcher:	C:\Users\Admin\IdeaProjects\XiNoClo\jre\bin\javaw.exe (OK)
Version string: 1.011.000_027 / 64-Bit (OK)
Main class:	NoteApplication
Add classpath:	.\lib\postgresql-42.2.18.jar
Add classpath:	.\lib\HikariCP-3.1.0.jar
Add classpath:	.\lib\jsch-0.1.54.jar
Add classpath:	.\lib\slf4j-api-2.0.7.jar
Add classpath:	.\lib\logback-classic-1.4.14.jar
Add classpath:	.\lib\logback-core-1.4.14.jar
Add classpath:	.\lib\flatlaf-3.6.jar
Add classpath:	.\lib\gson-2.13.1.jar
Add classpath:	.\lib\jfreechart-1.0.19-demo.jar
Add classpath:	.\lib\json-20230618-sources.jar
Add classpath:	.\lib\swingx-all-1.6.4.jar
Add classpath:	.
Launcher:	C:\Users\Admin\IdeaProjects\XiNoClo\jre\bin\javaw.exe
Launcher args:	-classpath "C:\Users\Admin\IdeaProjects\XiNoClo\XiNoClo.exe;.\lib\postgresql-42.2.18.jar;.\lib\HikariCP-3.1.0.jar;.\lib\jsch-0.1.54.jar;.\lib\slf4j-api-2.0.7.jar;.\lib\logback-classic-1.4.14.jar;.\lib\logback-core-1.4.14.jar;.\lib\flatlaf-3.6.jar;.\lib\gson-2.13.1.jar;.\lib\jfreechart-1.0.19-demo.jar;.\lib\json-20230618-sources.jar;.\lib\swingx-all-1.6.4.jar;." NoteApplication
Args length:	379/32768 chars
Exit code:	0


Version:	3.50
CmdLine:	C:\Users\Admin\IdeaProjects\XiNoClo\XiNoClo.exe --l4j-debug
JNI:		No
WOW64:		Yes
Working dir:	C:\Users\Admin\IdeaProjects\XiNoClo\.
Requires JDK:	No
Requires 64-Bit: No
Java min ver:	1.011.000
Java max ver:	
Substitute:	EXEDIR = C:\Users\Admin\IdeaProjects\XiNoClo
JRE paths:	C:\Users\Admin\IdeaProjects\XiNoClo\jre
Check launcher:	C:\Users\Admin\IdeaProjects\XiNoClo\jre\bin\javaw.exe (OK)
Version string: 1.011.000_027 / 64-Bit (OK)
Main class:	NoteApplication
Add classpath:	.\lib\postgresql-42.2.18.jar
Add classpath:	.\lib\HikariCP-3.1.0.jar
Add classpath:	.\lib\jsch-0.1.54.jar
Add classpath:	.\lib\slf4j-api-2.0.7.jar
Add classpath:	.\lib\logback-classic-1.4.14.jar
Add classpath:	.\lib\logback-core-1.4.14.jar
Add classpath:	.\lib\flatlaf-3.6.jar
Add classpath:	.\lib\gson-2.13.1.jar
Add classpath:	.\lib\jfreechart-1.0.19-demo.jar
Add classpath:	.\lib\json-20230618-sources.jar
Add classpath:	.\lib\swingx-all-1.6.4.jar
Add classpath:	.
Launcher:	C:\Users\Admin\IdeaProjects\XiNoClo\jre\bin\javaw.exe
Launcher args:	-classpath "C:\Users\Admin\IdeaProjects\XiNoClo\XiNoClo.exe;.\lib\postgresql-42.2.18.jar;.\lib\HikariCP-3.1.0.jar;.\lib\jsch-0.1.54.jar;.\lib\slf4j-api-2.0.7.jar;.\lib\logback-classic-1.4.14.jar;.\lib\logback-core-1.4.14.jar;.\lib\flatlaf-3.6.jar;.\lib\gson-2.13.1.jar;.\lib\jfreechart-1.0.19-demo.jar;.\lib\json-20230618-sources.jar;.\lib\swingx-all-1.6.4.jar;." NoteApplication
Args length:	379/32768 chars
Exit code:	0


Version:	3.50
CmdLine:	C:\Users\Admin\IdeaProjects\XiNoClo\XiNoClo.exe --l4j-debug
JNI:		No
WOW64:		Yes
Working dir:	C:\Users\Admin\IdeaProjects\XiNoClo\.
Requires JDK:	No
Requires 64-Bit: No
Java min ver:	1.011.000
Java max ver:	
Substitute:	EXEDIR = C:\Users\Admin\IdeaProjects\XiNoClo
JRE paths:	C:\Users\Admin\IdeaProjects\XiNoClo\jre
Check launcher:	C:\Users\Admin\IdeaProjects\XiNoClo\jre\bin\javaw.exe (OK)
Version string: 1.011.000_027 / 64-Bit (OK)
Main class:	NoteApplication
Add classpath:	.\lib\postgresql-42.2.18.jar
Add classpath:	.\lib\HikariCP-3.1.0.jar
Add classpath:	.\lib\jsch-0.1.54.jar
Add classpath:	.\lib\slf4j-api-2.0.7.jar
Add classpath:	.\lib\logback-classic-1.4.14.jar
Add classpath:	.\lib\logback-core-1.4.14.jar
Add classpath:	.\lib\flatlaf-3.6.jar
Add classpath:	.\lib\gson-2.13.1.jar
Add classpath:	.\lib\jfreechart-1.0.19-demo.jar
Add classpath:	.\lib\json-20230618-sources.jar
Add classpath:	.\lib\swingx-all-1.6.4.jar
Add classpath:	.
Launcher:	C:\Users\Admin\IdeaProjects\XiNoClo\jre\bin\javaw.exe
Launcher args:	-classpath "C:\Users\Admin\IdeaProjects\XiNoClo\XiNoClo.exe;.\lib\postgresql-42.2.18.jar;.\lib\HikariCP-3.1.0.jar;.\lib\jsch-0.1.54.jar;.\lib\slf4j-api-2.0.7.jar;.\lib\logback-classic-1.4.14.jar;.\lib\logback-core-1.4.14.jar;.\lib\flatlaf-3.6.jar;.\lib\gson-2.13.1.jar;.\lib\jfreechart-1.0.19-demo.jar;.\lib\json-20230618-sources.jar;.\lib\swingx-all-1.6.4.jar;." NoteApplication
Args length:	379/32768 chars
Exit code:	0


Version:	3.50
CmdLine:	C:\Users\Admin\IdeaProjects\XiNoClo\XiNoClo.exe --l4j-debug
JNI:		No
WOW64:		Yes
Working dir:	C:\Users\Admin\IdeaProjects\XiNoClo\.
Requires JDK:	No
Requires 64-Bit: No
Java min ver:	1.011.000
Java max ver:	
Substitute:	EXEDIR = C:\Users\Admin\IdeaProjects\XiNoClo
JRE paths:	C:\Users\Admin\IdeaProjects\XiNoClo\jre
Check launcher:	C:\Users\Admin\IdeaProjects\XiNoClo\jre\bin\javaw.exe (OK)
Version string: 1.011.000_027 / 64-Bit (OK)
Main class:	NoteApplication
Add classpath:	.\lib\postgresql-42.2.18.jar
Add classpath:	.\lib\HikariCP-3.1.0.jar
Add classpath:	.\lib\jsch-0.1.54.jar
Add classpath:	.\lib\slf4j-api-2.0.7.jar
Add classpath:	.\lib\logback-classic-1.4.14.jar
Add classpath:	.\lib\logback-core-1.4.14.jar
Add classpath:	.\lib\flatlaf-3.6.jar
Add classpath:	.\lib\gson-2.13.1.jar
Add classpath:	.\lib\jfreechart-1.0.19-demo.jar
Add classpath:	.\lib\json-20230618-sources.jar
Add classpath:	.\lib\swingx-all-1.6.4.jar
Add classpath:	.
Launcher:	C:\Users\Admin\IdeaProjects\XiNoClo\jre\bin\javaw.exe
Launcher args:	-classpath "C:\Users\Admin\IdeaProjects\XiNoClo\XiNoClo.exe;.\lib\postgresql-42.2.18.jar;.\lib\HikariCP-3.1.0.jar;.\lib\jsch-0.1.54.jar;.\lib\slf4j-api-2.0.7.jar;.\lib\logback-classic-1.4.14.jar;.\lib\logback-core-1.4.14.jar;.\lib\flatlaf-3.6.jar;.\lib\gson-2.13.1.jar;.\lib\jfreechart-1.0.19-demo.jar;.\lib\json-20230618-sources.jar;.\lib\swingx-all-1.6.4.jar;." NoteApplication
Args length:	379/32768 chars
Exit code:	0


Version:	3.50
CmdLine:	C:\Users\Admin\IdeaProjects\XiNoClo\XiNoClo.exe --l4j-debug
JNI:		No
WOW64:		Yes
Working dir:	C:\Users\Admin\IdeaProjects\XiNoClo\.
Requires JDK:	No
Requires 64-Bit: No
Java min ver:	1.011.000
Java max ver:	
Substitute:	EXEDIR = C:\Users\Admin\IdeaProjects\XiNoClo
JRE paths:	C:\Users\Admin\IdeaProjects\XiNoClo\jre
Check launcher:	C:\Users\Admin\IdeaProjects\XiNoClo\jre\bin\javaw.exe (OK)
Version string: 1.011.000_027 / 64-Bit (OK)
Main class:	NoteApplication
Add classpath:	.\lib\postgresql-42.2.18.jar
Add classpath:	.\lib\HikariCP-3.1.0.jar
Add classpath:	.\lib\jsch-0.1.54.jar
Add classpath:	.\lib\slf4j-api-2.0.7.jar
Add classpath:	.\lib\logback-classic-1.4.14.jar
Add classpath:	.\lib\logback-core-1.4.14.jar
Add classpath:	.\lib\flatlaf-3.6.jar
Add classpath:	.\lib\gson-2.13.1.jar
Add classpath:	.\lib\jfreechart-1.0.19-demo.jar
Add classpath:	.\lib\json-20230618-sources.jar
Add classpath:	.\lib\swingx-all-1.6.4.jar
Add classpath:	.
Launcher:	C:\Users\Admin\IdeaProjects\XiNoClo\jre\bin\javaw.exe
Launcher args:	-classpath "C:\Users\Admin\IdeaProjects\XiNoClo\XiNoClo.exe;.\lib\postgresql-42.2.18.jar;.\lib\HikariCP-3.1.0.jar;.\lib\jsch-0.1.54.jar;.\lib\slf4j-api-2.0.7.jar;.\lib\logback-classic-1.4.14.jar;.\lib\logback-core-1.4.14.jar;.\lib\flatlaf-3.6.jar;.\lib\gson-2.13.1.jar;.\lib\jfreechart-1.0.19-demo.jar;.\lib\json-20230618-sources.jar;.\lib\swingx-all-1.6.4.jar;." NoteApplication
Args length:	379/32768 chars
Exit code:	0


Version:	3.50
CmdLine:	C:\Users\Admin\IdeaProjects\XiNoClo\XiNoClo.exe --l4j-debug
JNI:		No
WOW64:		Yes
Working dir:	C:\Users\Admin\IdeaProjects\XiNoClo\.
Requires JDK:	No
Requires 64-Bit: No
Java min ver:	1.011.000
Java max ver:	
Substitute:	EXEDIR = C:\Users\Admin\IdeaProjects\XiNoClo
JRE paths:	C:\Users\Admin\IdeaProjects\XiNoClo\jre
Check launcher:	C:\Users\Admin\IdeaProjects\XiNoClo\jre\bin\javaw.exe (OK)
Version string: 1.011.000_027 / 64-Bit (OK)
Main class:	NoteApplication
Add classpath:	.\lib\postgresql-42.2.18.jar
Add classpath:	.\lib\HikariCP-3.1.0.jar
Add classpath:	.\lib\jsch-0.1.54.jar
Add classpath:	.\lib\slf4j-api-2.0.7.jar
Add classpath:	.\lib\logback-classic-1.4.14.jar
Add classpath:	.\lib\logback-core-1.4.14.jar
Add classpath:	.\lib\flatlaf-3.6.jar
Add classpath:	.\lib\gson-2.13.1.jar
Add classpath:	.\lib\jfreechart-1.0.19-demo.jar
Add classpath:	.\lib\json-20230618-sources.jar
Add classpath:	.\lib\swingx-all-1.6.4.jar
Add classpath:	.
Launcher:	C:\Users\Admin\IdeaProjects\XiNoClo\jre\bin\javaw.exe
Launcher args:	-classpath "C:\Users\Admin\IdeaProjects\XiNoClo\XiNoClo.exe;.\lib\postgresql-42.2.18.jar;.\lib\HikariCP-3.1.0.jar;.\lib\jsch-0.1.54.jar;.\lib\slf4j-api-2.0.7.jar;.\lib\logback-classic-1.4.14.jar;.\lib\logback-core-1.4.14.jar;.\lib\flatlaf-3.6.jar;.\lib\gson-2.13.1.jar;.\lib\jfreechart-1.0.19-demo.jar;.\lib\json-20230618-sources.jar;.\lib\swingx-all-1.6.4.jar;." NoteApplication
Args length:	379/32768 chars
Exit code:	0


Version:	3.50
CmdLine:	C:\Users\Admin\IdeaProjects\XiNoClo\XiNoClo.exe --l4j-debug
JNI:		No
WOW64:		Yes
Working dir:	C:\Users\Admin\IdeaProjects\XiNoClo\.
Requires JDK:	No
Requires 64-Bit: No
Java min ver:	1.011.000
Java max ver:	
Substitute:	EXEDIR = C:\Users\Admin\IdeaProjects\XiNoClo
JRE paths:	C:\Users\Admin\IdeaProjects\XiNoClo\jre
Check launcher:	C:\Users\Admin\IdeaProjects\XiNoClo\jre\bin\javaw.exe (OK)
Version string: 1.011.000_027 / 64-Bit (OK)
Main class:	NoteApplication
Add classpath:	.\lib\postgresql-42.2.18.jar
Add classpath:	.\lib\HikariCP-3.1.0.jar
Add classpath:	.\lib\jsch-0.1.54.jar
Add classpath:	.\lib\slf4j-api-2.0.7.jar
Add classpath:	.\lib\logback-classic-1.4.14.jar
Add classpath:	.\lib\logback-core-1.4.14.jar
Add classpath:	.\lib\flatlaf-3.6.jar
Add classpath:	.\lib\gson-2.13.1.jar
Add classpath:	.\lib\jfreechart-1.0.19-demo.jar
Add classpath:	.\lib\json-20230618-sources.jar
Add classpath:	.\lib\swingx-all-1.6.4.jar
Add classpath:	.
Launcher:	C:\Users\Admin\IdeaProjects\XiNoClo\jre\bin\javaw.exe
Launcher args:	-classpath "C:\Users\Admin\IdeaProjects\XiNoClo\XiNoClo.exe;.\lib\postgresql-42.2.18.jar;.\lib\HikariCP-3.1.0.jar;.\lib\jsch-0.1.54.jar;.\lib\slf4j-api-2.0.7.jar;.\lib\logback-classic-1.4.14.jar;.\lib\logback-core-1.4.14.jar;.\lib\flatlaf-3.6.jar;.\lib\gson-2.13.1.jar;.\lib\jfreechart-1.0.19-demo.jar;.\lib\json-20230618-sources.jar;.\lib\swingx-all-1.6.4.jar;." NoteApplication
Args length:	379/32768 chars
Exit code:	0


Version:	3.50
CmdLine:	C:\Users\Admin\IdeaProjects\XiNoClo\XiNoClo.exe --l4j-debug
JNI:		No
WOW64:		Yes
Working dir:	C:\Users\Admin\IdeaProjects\XiNoClo\.
Requires JDK:	No
Requires 64-Bit: No
Java min ver:	1.011.000
Java max ver:	
Substitute:	EXEDIR = C:\Users\Admin\IdeaProjects\XiNoClo
JRE paths:	C:\Users\Admin\IdeaProjects\XiNoClo\jre
Check launcher:	C:\Users\Admin\IdeaProjects\XiNoClo\jre\bin\javaw.exe (OK)
Version string: 1.011.000_027 / 64-Bit (OK)
Main class:	NoteApplication
Add classpath:	.\lib\postgresql-42.2.18.jar
Add classpath:	.\lib\HikariCP-3.1.0.jar
Add classpath:	.\lib\jsch-0.1.54.jar
Add classpath:	.\lib\slf4j-api-2.0.7.jar
Add classpath:	.\lib\logback-classic-1.4.14.jar
Add classpath:	.\lib\logback-core-1.4.14.jar
Add classpath:	.\lib\flatlaf-3.6.jar
Add classpath:	.\lib\gson-2.13.1.jar
Add classpath:	.\lib\jfreechart-1.0.19-demo.jar
Add classpath:	.\lib\json-20230618-sources.jar
Add classpath:	.\lib\swingx-all-1.6.4.jar
Add classpath:	.
Launcher:	C:\Users\Admin\IdeaProjects\XiNoClo\jre\bin\javaw.exe
Launcher args:	-classpath "C:\Users\Admin\IdeaProjects\XiNoClo\XiNoClo.exe;.\lib\postgresql-42.2.18.jar;.\lib\HikariCP-3.1.0.jar;.\lib\jsch-0.1.54.jar;.\lib\slf4j-api-2.0.7.jar;.\lib\logback-classic-1.4.14.jar;.\lib\logback-core-1.4.14.jar;.\lib\flatlaf-3.6.jar;.\lib\gson-2.13.1.jar;.\lib\jfreechart-1.0.19-demo.jar;.\lib\json-20230618-sources.jar;.\lib\swingx-all-1.6.4.jar;." NoteApplication
Args length:	379/32768 chars
Exit code:	0


Version:	3.50
CmdLine:	C:\Users\Admin\IdeaProjects\XiNoClo\XiNoClo.exe --l4j-debug
JNI:		No
WOW64:		Yes
Working dir:	C:\Users\Admin\IdeaProjects\XiNoClo\.
Requires JDK:	No
Requires 64-Bit: No
Java min ver:	1.011.000
Java max ver:	
Substitute:	EXEDIR = C:\Users\Admin\IdeaProjects\XiNoClo
JRE paths:	C:\Users\Admin\IdeaProjects\XiNoClo\jre
Check launcher:	C:\Users\Admin\IdeaProjects\XiNoClo\jre\bin\javaw.exe (OK)
Version string: 1.011.000_027 / 64-Bit (OK)
Main class:	NoteApplication
Add classpath:	.\lib\postgresql-42.2.18.jar
Add classpath:	.\lib\HikariCP-3.1.0.jar
Add classpath:	.\lib\jsch-0.1.54.jar
Add classpath:	.\lib\slf4j-api-2.0.7.jar
Add classpath:	.\lib\logback-classic-1.4.14.jar
Add classpath:	.\lib\logback-core-1.4.14.jar
Add classpath:	.\lib\flatlaf-3.6.jar
Add classpath:	.\lib\gson-2.13.1.jar
Add classpath:	.\lib\jfreechart-1.0.19-demo.jar
Add classpath:	.\lib\json-20230618-sources.jar
Add classpath:	.\lib\swingx-all-1.6.4.jar
Add classpath:	.
Launcher:	C:\Users\Admin\IdeaProjects\XiNoClo\jre\bin\javaw.exe
Launcher args:	-classpath "C:\Users\Admin\IdeaProjects\XiNoClo\XiNoClo.exe;.\lib\postgresql-42.2.18.jar;.\lib\HikariCP-3.1.0.jar;.\lib\jsch-0.1.54.jar;.\lib\slf4j-api-2.0.7.jar;.\lib\logback-classic-1.4.14.jar;.\lib\logback-core-1.4.14.jar;.\lib\flatlaf-3.6.jar;.\lib\gson-2.13.1.jar;.\lib\jfreechart-1.0.19-demo.jar;.\lib\json-20230618-sources.jar;.\lib\swingx-all-1.6.4.jar;." NoteApplication
Args length:	379/32768 chars
Exit code:	0


Version:	3.50
CmdLine:	C:\Users\Admin\IdeaProjects\XiNoClo\XiNoClo.exe --l4j-debug
JNI:		No
WOW64:		Yes
Working dir:	C:\Users\Admin\IdeaProjects\XiNoClo\.
Requires JDK:	No
Requires 64-Bit: No
Java min ver:	1.011.000
Java max ver:	
Substitute:	EXEDIR = C:\Users\Admin\IdeaProjects\XiNoClo
JRE paths:	C:\Users\Admin\IdeaProjects\XiNoClo\jre
Check launcher:	C:\Users\Admin\IdeaProjects\XiNoClo\jre\bin\javaw.exe (OK)
Version string: 1.011.000_027 / 64-Bit (OK)
Main class:	NoteApplication
Add classpath:	.\lib\postgresql-42.2.18.jar
Add classpath:	.\lib\HikariCP-3.1.0.jar
Add classpath:	.\lib\jsch-0.1.54.jar
Add classpath:	.\lib\slf4j-api-2.0.7.jar
Add classpath:	.\lib\logback-classic-1.4.14.jar
Add classpath:	.\lib\logback-core-1.4.14.jar
Add classpath:	.\lib\flatlaf-3.6.jar
Add classpath:	.\lib\gson-2.13.1.jar
Add classpath:	.\lib\jfreechart-1.0.19-demo.jar
Add classpath:	.\lib\json-20230618-sources.jar
Add classpath:	.\lib\swingx-all-1.6.4.jar
Add classpath:	.
Launcher:	C:\Users\Admin\IdeaProjects\XiNoClo\jre\bin\javaw.exe
Launcher args:	-classpath "C:\Users\Admin\IdeaProjects\XiNoClo\XiNoClo.exe;.\lib\postgresql-42.2.18.jar;.\lib\HikariCP-3.1.0.jar;.\lib\jsch-0.1.54.jar;.\lib\slf4j-api-2.0.7.jar;.\lib\logback-classic-1.4.14.jar;.\lib\logback-core-1.4.14.jar;.\lib\flatlaf-3.6.jar;.\lib\gson-2.13.1.jar;.\lib\jfreechart-1.0.19-demo.jar;.\lib\json-20230618-sources.jar;.\lib\swingx-all-1.6.4.jar;." NoteApplication
Args length:	379/32768 chars
Exit code:	0


Version:	3.50
CmdLine:	C:\Users\Admin\IdeaProjects\XiNoClo\XiNoClo.exe --l4j-debug
JNI:		No
WOW64:		Yes
Working dir:	C:\Users\Admin\IdeaProjects\XiNoClo\.
Requires JDK:	No
Requires 64-Bit: No
Java min ver:	1.011.000
Java max ver:	
Substitute:	EXEDIR = C:\Users\Admin\IdeaProjects\XiNoClo
JRE paths:	C:\Users\Admin\IdeaProjects\XiNoClo\jre
Check launcher:	C:\Users\Admin\IdeaProjects\XiNoClo\jre\bin\javaw.exe (OK)
Version string: 1.011.000_027 / 64-Bit (OK)
Main class:	NoteApplication
Add classpath:	.\lib\postgresql-42.2.18.jar
Add classpath:	.\lib\HikariCP-3.1.0.jar
Add classpath:	.\lib\jsch-0.1.54.jar
Add classpath:	.\lib\slf4j-api-2.0.7.jar
Add classpath:	.\lib\logback-classic-1.4.14.jar
Add classpath:	.\lib\logback-core-1.4.14.jar
Add classpath:	.\lib\flatlaf-3.6.jar
Add classpath:	.\lib\gson-2.13.1.jar
Add classpath:	.\lib\jfreechart-1.0.19-demo.jar
Add classpath:	.\lib\json-20230618-sources.jar
Add classpath:	.\lib\swingx-all-1.6.4.jar
Add classpath:	.
Launcher:	C:\Users\Admin\IdeaProjects\XiNoClo\jre\bin\javaw.exe
Launcher args:	-classpath "C:\Users\Admin\IdeaProjects\XiNoClo\XiNoClo.exe;.\lib\postgresql-42.2.18.jar;.\lib\HikariCP-3.1.0.jar;.\lib\jsch-0.1.54.jar;.\lib\slf4j-api-2.0.7.jar;.\lib\logback-classic-1.4.14.jar;.\lib\logback-core-1.4.14.jar;.\lib\flatlaf-3.6.jar;.\lib\gson-2.13.1.jar;.\lib\jfreechart-1.0.19-demo.jar;.\lib\json-20230618-sources.jar;.\lib\swingx-all-1.6.4.jar;." NoteApplication
Args length:	379/32768 chars
Exit code:	0


Version:	3.50
CmdLine:	C:\Users\Admin\IdeaProjects\XiNoClo\XiNoClo.exe --l4j-debug
JNI:		No
WOW64:		Yes
Working dir:	C:\Users\Admin\IdeaProjects\XiNoClo\.
Requires JDK:	No
Requires 64-Bit: No
Java min ver:	1.011.000
Java max ver:	
Substitute:	EXEDIR = C:\Users\Admin\IdeaProjects\XiNoClo
JRE paths:	C:\Users\Admin\IdeaProjects\XiNoClo\jre
Check launcher:	C:\Users\Admin\IdeaProjects\XiNoClo\jre\bin\javaw.exe (OK)
Version string: 1.011.000_027 / 64-Bit (OK)
Main class:	NoteApplication
Add classpath:	.\lib\postgresql-42.2.18.jar
Add classpath:	.\lib\HikariCP-3.1.0.jar
Add classpath:	.\lib\jsch-0.1.54.jar
Add classpath:	.\lib\slf4j-api-2.0.7.jar
Add classpath:	.\lib\logback-classic-1.4.14.jar
Add classpath:	.\lib\logback-core-1.4.14.jar
Add classpath:	.\lib\flatlaf-3.6.jar
Add classpath:	.\lib\gson-2.13.1.jar
Add classpath:	.\lib\jfreechart-1.0.19-demo.jar
Add classpath:	.\lib\json-20230618-sources.jar
Add classpath:	.\lib\swingx-all-1.6.4.jar
Add classpath:	.
Launcher:	C:\Users\Admin\IdeaProjects\XiNoClo\jre\bin\javaw.exe
Launcher args:	-classpath "C:\Users\Admin\IdeaProjects\XiNoClo\XiNoClo.exe;.\lib\postgresql-42.2.18.jar;.\lib\HikariCP-3.1.0.jar;.\lib\jsch-0.1.54.jar;.\lib\slf4j-api-2.0.7.jar;.\lib\logback-classic-1.4.14.jar;.\lib\logback-core-1.4.14.jar;.\lib\flatlaf-3.6.jar;.\lib\gson-2.13.1.jar;.\lib\jfreechart-1.0.19-demo.jar;.\lib\json-20230618-sources.jar;.\lib\swingx-all-1.6.4.jar;." NoteApplication
Args length:	379/32768 chars
Exit code:	0


Version:	3.50
CmdLine:	C:\Users\Admin\IdeaProjects\XiNoClo\XiNoClo.exe --l4j-debug
JNI:		No
WOW64:		Yes
Working dir:	C:\Users\Admin\IdeaProjects\XiNoClo\.
Requires JDK:	No
Requires 64-Bit: No
Java min ver:	1.011.000
Java max ver:	
Substitute:	EXEDIR = C:\Users\Admin\IdeaProjects\XiNoClo
JRE paths:	C:\Users\Admin\IdeaProjects\XiNoClo\jre
Check launcher:	C:\Users\Admin\IdeaProjects\XiNoClo\jre\bin\javaw.exe (OK)
Version string: 1.011.000_027 / 64-Bit (OK)
Main class:	NoteApplication
Add classpath:	.\lib\postgresql-42.2.18.jar
Add classpath:	.\lib\HikariCP-3.1.0.jar
Add classpath:	.\lib\jsch-0.1.54.jar
Add classpath:	.\lib\slf4j-api-2.0.7.jar
Add classpath:	.\lib\logback-classic-1.4.14.jar
Add classpath:	.\lib\logback-core-1.4.14.jar
Add classpath:	.\lib\flatlaf-3.6.jar
Add classpath:	.\lib\gson-2.13.1.jar
Add classpath:	.\lib\jfreechart-1.0.19-demo.jar
Add classpath:	.\lib\json-20230618-sources.jar
Add classpath:	.\lib\swingx-all-1.6.4.jar
Add classpath:	.
Launcher:	C:\Users\Admin\IdeaProjects\XiNoClo\jre\bin\javaw.exe
Launcher args:	-classpath "C:\Users\Admin\IdeaProjects\XiNoClo\XiNoClo.exe;.\lib\postgresql-42.2.18.jar;.\lib\HikariCP-3.1.0.jar;.\lib\jsch-0.1.54.jar;.\lib\slf4j-api-2.0.7.jar;.\lib\logback-classic-1.4.14.jar;.\lib\logback-core-1.4.14.jar;.\lib\flatlaf-3.6.jar;.\lib\gson-2.13.1.jar;.\lib\jfreechart-1.0.19-demo.jar;.\lib\json-20230618-sources.jar;.\lib\swingx-all-1.6.4.jar;." NoteApplication
Args length:	379/32768 chars
Exit code:	0


Version:	3.50
CmdLine:	C:\Users\Admin\IdeaProjects\XiNoClo\XiNoClo.exe --l4j-debug
JNI:		No
WOW64:		Yes
Working dir:	C:\Users\Admin\IdeaProjects\XiNoClo\.
Requires JDK:	No
Requires 64-Bit: No
Java min ver:	1.011.000
Java max ver:	
Substitute:	EXEDIR = C:\Users\Admin\IdeaProjects\XiNoClo
JRE paths:	C:\Users\Admin\IdeaProjects\XiNoClo\jre
Check launcher:	C:\Users\Admin\IdeaProjects\XiNoClo\jre\bin\javaw.exe (OK)
Version string: 1.011.000_027 / 64-Bit (OK)
Main class:	NoteApplication
Add classpath:	.\lib\postgresql-42.2.18.jar
Add classpath:	.\lib\HikariCP-3.1.0.jar
Add classpath:	.\lib\jsch-0.1.54.jar
Add classpath:	.\lib\slf4j-api-2.0.7.jar
Add classpath:	.\lib\logback-classic-1.4.14.jar
Add classpath:	.\lib\logback-core-1.4.14.jar
Add classpath:	.\lib\flatlaf-3.6.jar
Add classpath:	.\lib\gson-2.13.1.jar
Add classpath:	.\lib\jfreechart-1.0.19-demo.jar
Add classpath:	.\lib\json-20230618-sources.jar
Add classpath:	.\lib\swingx-all-1.6.4.jar
Add classpath:	.
Launcher:	C:\Users\Admin\IdeaProjects\XiNoClo\jre\bin\javaw.exe
Launcher args:	-classpath "C:\Users\Admin\IdeaProjects\XiNoClo\XiNoClo.exe;.\lib\postgresql-42.2.18.jar;.\lib\HikariCP-3.1.0.jar;.\lib\jsch-0.1.54.jar;.\lib\slf4j-api-2.0.7.jar;.\lib\logback-classic-1.4.14.jar;.\lib\logback-core-1.4.14.jar;.\lib\flatlaf-3.6.jar;.\lib\gson-2.13.1.jar;.\lib\jfreechart-1.0.19-demo.jar;.\lib\json-20230618-sources.jar;.\lib\swingx-all-1.6.4.jar;." NoteApplication
Args length:	379/32768 chars
Exit code:	0


Version:	3.50
CmdLine:	C:\Users\Admin\IdeaProjects\XiNoClo\XiNoClo.exe --l4j-debug
JNI:		No
WOW64:		Yes
Working dir:	C:\Users\Admin\IdeaProjects\XiNoClo\.
Requires JDK:	No
Requires 64-Bit: No
Java min ver:	1.011.000
Java max ver:	
Substitute:	EXEDIR = C:\Users\Admin\IdeaProjects\XiNoClo
JRE paths:	C:\Users\Admin\IdeaProjects\XiNoClo\jre
Check launcher:	C:\Users\Admin\IdeaProjects\XiNoClo\jre\bin\javaw.exe (OK)
Version string: 1.011.000_027 / 64-Bit (OK)
Main class:	NoteApplication
Add classpath:	.\lib\postgresql-42.2.18.jar
Add classpath:	.\lib\HikariCP-3.1.0.jar
Add classpath:	.\lib\jsch-0.1.54.jar
Add classpath:	.\lib\slf4j-api-2.0.7.jar
Add classpath:	.\lib\logback-classic-1.4.14.jar
Add classpath:	.\lib\logback-core-1.4.14.jar
Add classpath:	.\lib\flatlaf-3.6.jar
Add classpath:	.\lib\gson-2.13.1.jar
Add classpath:	.\lib\jfreechart-1.0.19-demo.jar
Add classpath:	.\lib\json-20230618-sources.jar
Add classpath:	.\lib\swingx-all-1.6.4.jar
Add classpath:	.
Launcher:	C:\Users\Admin\IdeaProjects\XiNoClo\jre\bin\javaw.exe
Launcher args:	-classpath "C:\Users\Admin\IdeaProjects\XiNoClo\XiNoClo.exe;.\lib\postgresql-42.2.18.jar;.\lib\HikariCP-3.1.0.jar;.\lib\jsch-0.1.54.jar;.\lib\slf4j-api-2.0.7.jar;.\lib\logback-classic-1.4.14.jar;.\lib\logback-core-1.4.14.jar;.\lib\flatlaf-3.6.jar;.\lib\gson-2.13.1.jar;.\lib\jfreechart-1.0.19-demo.jar;.\lib\json-20230618-sources.jar;.\lib\swingx-all-1.6.4.jar;." NoteApplication
Args length:	379/32768 chars
Exit code:	0


Version:	3.50
CmdLine:	C:\Users\Admin\IdeaProjects\XiNoClo\XiNoClo.exe --l4j-debug
JNI:		No
WOW64:		Yes
Working dir:	C:\Users\Admin\IdeaProjects\XiNoClo\.
Requires JDK:	No
Requires 64-Bit: No
Java min ver:	1.011.000
Java max ver:	
Substitute:	EXEDIR = C:\Users\Admin\IdeaProjects\XiNoClo
JRE paths:	C:\Users\Admin\IdeaProjects\XiNoClo\jre
Check launcher:	C:\Users\Admin\IdeaProjects\XiNoClo\jre\bin\javaw.exe (OK)
Version string: 1.011.000_027 / 64-Bit (OK)
Main class:	NoteApplication
Add classpath:	.\lib\postgresql-42.2.18.jar
Add classpath:	.\lib\HikariCP-3.1.0.jar
Add classpath:	.\lib\jsch-0.1.54.jar
Add classpath:	.\lib\slf4j-api-2.0.7.jar
Add classpath:	.\lib\logback-classic-1.4.14.jar
Add classpath:	.\lib\logback-core-1.4.14.jar
Add classpath:	.\lib\flatlaf-3.6.jar
Add classpath:	.\lib\gson-2.13.1.jar
Add classpath:	.\lib\jfreechart-1.0.19-demo.jar
Add classpath:	.\lib\json-20230618-sources.jar
Add classpath:	.\lib\swingx-all-1.6.4.jar
Add classpath:	.
Launcher:	C:\Users\Admin\IdeaProjects\XiNoClo\jre\bin\javaw.exe
Launcher args:	-classpath "C:\Users\Admin\IdeaProjects\XiNoClo\XiNoClo.exe;.\lib\postgresql-42.2.18.jar;.\lib\HikariCP-3.1.0.jar;.\lib\jsch-0.1.54.jar;.\lib\slf4j-api-2.0.7.jar;.\lib\logback-classic-1.4.14.jar;.\lib\logback-core-1.4.14.jar;.\lib\flatlaf-3.6.jar;.\lib\gson-2.13.1.jar;.\lib\jfreechart-1.0.19-demo.jar;.\lib\json-20230618-sources.jar;.\lib\swingx-all-1.6.4.jar;." NoteApplication
Args length:	379/32768 chars
Exit code:	0


Version:	3.50
CmdLine:	C:\Users\Admin\IdeaProjects\XiNoClo\XiNoClo.exe --l4j-debug
JNI:		No
WOW64:		Yes
Working dir:	C:\Users\Admin\IdeaProjects\XiNoClo\.
Requires JDK:	No
Requires 64-Bit: No
Java min ver:	1.011.000
Java max ver:	
Substitute:	EXEDIR = C:\Users\Admin\IdeaProjects\XiNoClo
JRE paths:	C:\Users\Admin\IdeaProjects\XiNoClo\jre
Check launcher:	C:\Users\Admin\IdeaProjects\XiNoClo\jre\bin\javaw.exe (OK)
Version string: 1.011.000_027 / 64-Bit (OK)
Main class:	NoteApplication
Add classpath:	.\lib\postgresql-42.2.18.jar
Add classpath:	.\lib\HikariCP-3.1.0.jar
Add classpath:	.\lib\jsch-0.1.54.jar
Add classpath:	.\lib\slf4j-api-2.0.7.jar
Add classpath:	.\lib\logback-classic-1.4.14.jar
Add classpath:	.\lib\logback-core-1.4.14.jar
Add classpath:	.\lib\flatlaf-3.6.jar
Add classpath:	.\lib\gson-2.13.1.jar
Add classpath:	.\lib\jfreechart-1.0.19-demo.jar
Add classpath:	.\lib\json-20230618-sources.jar
Add classpath:	.\lib\swingx-all-1.6.4.jar
Add classpath:	.
Launcher:	C:\Users\Admin\IdeaProjects\XiNoClo\jre\bin\javaw.exe
Launcher args:	-classpath "C:\Users\Admin\IdeaProjects\XiNoClo\XiNoClo.exe;.\lib\postgresql-42.2.18.jar;.\lib\HikariCP-3.1.0.jar;.\lib\jsch-0.1.54.jar;.\lib\slf4j-api-2.0.7.jar;.\lib\logback-classic-1.4.14.jar;.\lib\logback-core-1.4.14.jar;.\lib\flatlaf-3.6.jar;.\lib\gson-2.13.1.jar;.\lib\jfreechart-1.0.19-demo.jar;.\lib\json-20230618-sources.jar;.\lib\swingx-all-1.6.4.jar;." NoteApplication
Args length:	379/32768 chars
Exit code:	0


Version:	3.50
CmdLine:	C:\Users\Admin\IdeaProjects\XiNoClo\XiNoClo.exe --l4j-debug
JNI:		No
WOW64:		Yes
Working dir:	C:\Users\Admin\IdeaProjects\XiNoClo\.
Requires JDK:	No
Requires 64-Bit: No
Java min ver:	1.011.000
Java max ver:	1.017.000
Substitute:	EXEDIR = C:\Users\Admin\IdeaProjects\XiNoClo
JRE paths:	C:\Users\Admin\IdeaProjects\XiNoClo\jre
Check launcher:	C:\Users\Admin\IdeaProjects\XiNoClo\jre\bin\javaw.exe (OK)
Version string: 1.011.000_027 / 64-Bit (OK)
Launcher:	C:\Users\Admin\IdeaProjects\XiNoClo\jre\bin\javaw.exe
Launcher args:	-Xmx512m -jar "C:\Users\Admin\IdeaProjects\XiNoClo\XiNoClo.exe"
Args length:	63/32768 chars
Exit code:	0


Version:	3.50
CmdLine:	C:\Users\Admin\IdeaProjects\XiNoClo\XiNoClo.exe --l4j-debug
JNI:		No
WOW64:		Yes
Working dir:	C:\Users\Admin\IdeaProjects\XiNoClo\.
Requires JDK:	No
Requires 64-Bit: No
Java min ver:	1.011.000
Java max ver:	1.017.000
Substitute:	EXEDIR = C:\Users\Admin\IdeaProjects\XiNoClo
JRE paths:	C:\Users\Admin\IdeaProjects\XiNoClo\jre
Check launcher:	C:\Users\Admin\IdeaProjects\XiNoClo\jre\bin\javaw.exe (OK)
Version string: 1.011.000_027 / 64-Bit (OK)
Launcher:	C:\Users\Admin\IdeaProjects\XiNoClo\jre\bin\javaw.exe
Launcher args:	-Xmx512m -jar "C:\Users\Admin\IdeaProjects\XiNoClo\XiNoClo.exe"
Args length:	63/32768 chars
Exit code:	0


Version:	3.50
CmdLine:	C:\Users\Admin\IdeaProjects\XiNoClo\XiNoClo.exe --l4j-debug
JNI:		No
WOW64:		Yes
Working dir:	C:\Users\Admin\IdeaProjects\XiNoClo\.
Requires JDK:	No
Requires 64-Bit: No
Java min ver:	1.011.000
Java max ver:	
Substitute:	EXEDIR = C:\Users\Admin\IdeaProjects\XiNoClo
JRE paths:	C:\Users\Admin\IdeaProjects\XiNoClo\jre
Check launcher:	C:\Users\Admin\IdeaProjects\XiNoClo\jre\bin\javaw.exe (OK)
Version string: 1.011.000_027 / 64-Bit (OK)
Main class:	NoteApplication
Add classpath:	.\lib\slf4j-api-2.0.7.jar
Add classpath:	.\lib\logback-classic-1.4.14.jar
Add classpath:	.\lib\flatlaf-3.6.jar
Add classpath:	.\lib\gson-2.13.1.jar
Add classpath:	.\lib\json-20230618-sources.jar
Add classpath:	.
Launcher:	C:\Users\Admin\IdeaProjects\XiNoClo\jre\bin\javaw.exe
Launcher args:	-classpath "C:\Users\Admin\IdeaProjects\XiNoClo\XiNoClo.exe;.\lib\slf4j-api-2.0.7.jar;.\lib\logback-classic-1.4.14.jar;.\lib\flatlaf-3.6.jar;.\lib\gson-2.13.1.jar;.\lib\json-20230618-sources.jar;." NoteApplication
Args length:	213/32768 chars
Exit code:	0


Version:	3.50
CmdLine:	C:\Users\Admin\IdeaProjects\XiNoClo\XiNoClo.exe --l4j-debug
JNI:		No
WOW64:		Yes
Working dir:	C:\Users\Admin\IdeaProjects\XiNoClo\.
Requires JDK:	No
Requires 64-Bit: No
Java min ver:	1.011.000
Java max ver:	
Substitute:	EXEDIR = C:\Users\Admin\IdeaProjects\XiNoClo
JRE paths:	C:\Users\Admin\IdeaProjects\XiNoClo\jre
Check launcher:	C:\Users\Admin\IdeaProjects\XiNoClo\jre\bin\javaw.exe (OK)
Version string: 1.011.000_027 / 64-Bit (OK)
Main class:	NoteApplication
Add classpath:	.\lib\slf4j-api-2.0.7.jar
Add classpath:	.\lib\logback-classic-1.4.14.jar
Add classpath:	.\lib\flatlaf-3.6.jar
Add classpath:	.\lib\gson-2.13.1.jar
Add classpath:	.\lib\json-20230618-sources.jar
Add classpath:	.\lib\tess4j-3.2.1.jar
Launcher:	C:\Users\Admin\IdeaProjects\XiNoClo\jre\bin\javaw.exe
Launcher args:	-classpath "C:\Users\Admin\IdeaProjects\XiNoClo\XiNoClo.exe;.\lib\slf4j-api-2.0.7.jar;.\lib\logback-classic-1.4.14.jar;.\lib\flatlaf-3.6.jar;.\lib\gson-2.13.1.jar;.\lib\json-20230618-sources.jar;.\lib\tess4j-3.2.1.jar" NoteApplication
Args length:	234/32768 chars
Exit code:	0


Version:	3.50
CmdLine:	C:\Users\Admin\IdeaProjects\XiNoClo\XiNoClo.exe --l4j-debug
JNI:		No
WOW64:		Yes
Working dir:	C:\Users\Admin\IdeaProjects\XiNoClo\.
Requires JDK:	No
Requires 64-Bit: No
Java min ver:	1.011.000
Java max ver:	
Substitute:	EXEDIR = C:\Users\Admin\IdeaProjects\XiNoClo
JRE paths:	C:\Users\Admin\IdeaProjects\XiNoClo\jre
Check launcher:	C:\Users\Admin\IdeaProjects\XiNoClo\jre\bin\javaw.exe (OK)
Version string: 1.011.000_027 / 64-Bit (OK)
Main class:	NoteApplication
Add classpath:	.\lib\slf4j-api-2.0.7.jar
Add classpath:	.\lib\logback-classic-1.4.14.jar
Add classpath:	.\lib\flatlaf-3.6.jar
Add classpath:	.\lib\gson-2.13.1.jar
Add classpath:	.\lib\json-20230618-sources.jar
Add classpath:	.\lib\tess4j-3.2.1.jar
Launcher:	C:\Users\Admin\IdeaProjects\XiNoClo\jre\bin\javaw.exe
Launcher args:	-classpath "C:\Users\Admin\IdeaProjects\XiNoClo\XiNoClo.exe;.\lib\slf4j-api-2.0.7.jar;.\lib\logback-classic-1.4.14.jar;.\lib\flatlaf-3.6.jar;.\lib\gson-2.13.1.jar;.\lib\json-20230618-sources.jar;.\lib\tess4j-3.2.1.jar" NoteApplication
Args length:	234/32768 chars
Exit code:	0
